[0206/090943:WARNING:dns_config_service_win.cc(653)] Failed to read DnsConfig.
[0206/090943:ERROR:gpu_info_collector_win.cc(103)] Can't retrieve a valid WinSAT assessment.
[0206/090943:ERROR:proxy_service_factory.cc(105)] Cannot use V8 Proxy resolver in single process mode.
[0206/090943:ERROR:command_buffer_proxy_impl.cc(156)] Failed to initialize command buffer service.
[0206/090943:ERROR:webgraphicscontext3d_command_buffer_impl.cc(394)] CommandBufferProxy::Initialize failed.
[0206/090943:ERROR:webgraphicscontext3d_command_buffer_impl.cc(413)] Failed to initialize command buffer.
[0206/090943:ERROR:command_buffer_proxy_impl.cc(156)] Failed to initialize command buffer service.
[0206/090943:ERROR:webgraphicscontext3d_command_buffer_impl.cc(394)] CommandBufferProxy::Initialize failed.
[0206/090943:ERROR:webgraphicscontext3d_command_buffer_impl.cc(413)] Failed to initialize command buffer.
[0206/090943:ERROR:command_buffer_proxy_impl.cc(156)] Failed to initialize command buffer service.
[0206/090943:ERROR:webgraphicscontext3d_command_buffer_impl.cc(394)] CommandBufferProxy::Initialize failed.
[0206/090943:ERROR:webgraphicscontext3d_command_buffer_impl.cc(413)] Failed to initialize command buffer.
[0206/090943:ERROR:command_buffer_proxy_impl.cc(156)] Failed to initialize command buffer service.
[0206/090943:ERROR:webgraphicscontext3d_command_buffer_impl.cc(394)] CommandBufferProxy::Initialize failed.
[0206/090943:ERROR:webgraphicscontext3d_command_buffer_impl.cc(413)] Failed to initialize command buffer.
[0206/090943:ERROR:command_buffer_proxy_impl.cc(156)] Failed to initialize command buffer service.
[0206/090943:ERROR:webgraphicscontext3d_command_buffer_impl.cc(394)] CommandBufferProxy::Initialize failed.
[0206/090943:ERROR:webgraphicscontext3d_command_buffer_impl.cc(413)] Failed to initialize command buffer.
[0206/090943:ERROR:command_buffer_proxy_impl.cc(156)] Failed to initialize command buffer service.
[0206/090943:ERROR:webgraphicscontext3d_command_buffer_impl.cc(394)] CommandBufferProxy::Initialize failed.
[0206/090943:ERROR:webgraphicscontext3d_command_buffer_impl.cc(413)] Failed to initialize command buffer.
[0206/090943:ERROR:command_buffer_proxy_impl.cc(156)] Failed to initialize command buffer service.
[0206/090943:ERROR:webgraphicscontext3d_command_buffer_impl.cc(394)] CommandBufferProxy::Initialize failed.
[0206/090943:ERROR:webgraphicscontext3d_command_buffer_impl.cc(413)] Failed to initialize command buffer.
[0206/090943:ERROR:command_buffer_proxy_impl.cc(156)] Failed to initialize command buffer service.
[0206/090943:ERROR:webgraphicscontext3d_command_buffer_impl.cc(394)] CommandBufferProxy::Initialize failed.
[0206/090943:ERROR:webgraphicscontext3d_command_buffer_impl.cc(413)] Failed to initialize command buffer.
[0206/090945:ERROR:ipc_channel_win.cc(405)] pipe error: 232
[0206/090945:ERROR:ipc_channel_win.cc(405)] pipe error: 232
[0206/090945:ERROR:ipc_channel_win.cc(132)] pipe error: 109
